# JRE version: Java(TM) SE Runtime Environment (8.0_121-b13) (build 1.8.0_121-b13)
# Java VM: Java HotSpot(TM) 64-Bit Server VM (25.121-b13 mixed mode windows-amd64 compressed oops)
Heap:
 PSYoungGen      total 349184K, used 62301K [0x00000000d5580000, 0x00000000f2300000, 0x0000000100000000)
  eden space 289792K, 21% used [0x00000000d5580000,0x00000000d9257550,0x00000000e7080000)
  from space 59392K, 0% used [0x00000000e7080000,0x00000000e7080000,0x00000000eaa80000)
  to   space 60928K, 0% used [0x00000000ee780000,0x00000000ee780000,0x00000000f2300000)
 ParOldGen       total 679424K, used 67693K [0x0000000080000000, 0x00000000a9780000, 0x00000000d5580000)
  object space 679424K, 9% used [0x0000000080000000,0x000000008421b510,0x00000000a9780000)
 Metaspace       used 96889K, capacity 102036K, committed 102912K, reserved 1138688K
  class space    used 12808K, capacity 13648K, committed 13824K, reserved 1048576K
GC Heap History (10 events):
Event: 1446.614 GC heap before
{Heap before GC invocations=13 (full 3):
 PSYoungGen      total 346624K, used 346605K [0x00000000d5580000, 0x00000000edb80000, 0x0000000100000000)
  eden space 307200K, 99% used [0x00000000d5580000,0x00000000e817da80,0x00000000e8180000)
  from space 39424K, 99% used [0x00000000e8780000,0x00000000eadfdd10,0x00000000eae00000)
  to   space 46080K, 0% used [0x00000000eae80000,0x00000000eae80000,0x00000000edb80000)
 ParOldGen       total 489984K, used 57059K [0x0000000080000000, 0x000000009de80000, 0x00000000d5580000)
  object space 489984K, 11% used [0x0000000080000000,0x00000000837b8f10,0x000000009de80000)
 Metaspace       used 87122K, capacity 91454K, committed 91648K, reserved 1128448K
  class space    used 11693K, capacity 12435K, committed 12544K, reserved 1048576K
Event: 1446.637 GC heap after
Heap after GC invocations=13 (full 3):
 PSYoungGen      total 347136K, used 45923K [0x00000000d5580000, 0x00000000ee180000, 0x0000000100000000)
  eden space 301056K, 0% used [0x00000000d5580000,0x00000000d5580000,0x00000000e7b80000)
  from space 46080K, 99% used [0x00000000eae80000,0x00000000edb58dc8,0x00000000edb80000)
  to   space 52224K, 0% used [0x00000000e7b80000,0x00000000e7b80000,0x00000000eae80000)
 ParOldGen       total 489984K, used 57277K [0x0000000080000000, 0x000000009de80000, 0x00000000d5580000)
  object space 489984K, 11% used [0x0000000080000000,0x00000000837ef758,0x000000009de80000)
 Metaspace       used 87122K, capacity 91454K, committed 91648K, reserved 1128448K
  class space    used 11693K, capacity 12435K, committed 12544K, reserved 1048576K
}
Event: 1490.099 GC heap before
{Heap before GC invocations=14 (full 3):
 PSYoungGen      total 347136K, used 346979K [0x00000000d5580000, 0x00000000ee180000, 0x0000000100000000)
  eden space 301056K, 100% used [0x00000000d5580000,0x00000000e7b80000,0x00000000e7b80000)
  from space 46080K, 99% used [0x00000000eae80000,0x00000000edb58dc8,0x00000000edb80000)
  to   space 52224K, 0% used [0x00000000e7b80000,0x00000000e7b80000,0x00000000eae80000)
 ParOldGen       total 489984K, used 57277K [0x0000000080000000, 0x000000009de80000, 0x00000000d5580000)
  object space 489984K, 11% used [0x0000000080000000,0x00000000837ef758,0x000000009de80000)
 Metaspace       used 88160K, capacity 93104K, committed 93312K, reserved 1130496K
  class space    used 11813K, capacity 12648K, committed 12672K, reserved 1048576K
Event: 1490.121 GC heap after
Heap after GC invocations=14 (full 3):
 PSYoungGen      total 347648K, used 46379K [0x00000000d5580000, 0x00000000ee700000, 0x0000000100000000)
  eden space 295424K, 0% used [0x00000000d5580000,0x00000000d5580000,0x00000000e7600000)
  from space 52224K, 88% used [0x00000000e7b80000,0x00000000ea8cac40,0x00000000eae80000)
  to   space 57856K, 0% used [0x00000000eae80000,0x00000000eae80000,0x00000000ee700000)
 ParOldGen       total 489984K, used 57285K [0x0000000080000000, 0x000000009de80000, 0x00000000d5580000)
  object space 489984K, 11% used [0x0000000080000000,0x00000000837f1758,0x000000009de80000)
 Metaspace       used 88160K, capacity 93104K, committed 93312K, reserved 1130496K
  class space    used 11813K, capacity 12648K, committed 12672K, reserved 1048576K
}
Event: 1695.909 GC heap before
{Heap before GC invocations=15 (full 3):
 PSYoungGen      total 347648K, used 341803K [0x00000000d5580000, 0x00000000ee700000, 0x0000000100000000)
  eden space 295424K, 100% used [0x00000000d5580000,0x00000000e7600000,0x00000000e7600000)
  from space 52224K, 88% used [0x00000000e7b80000,0x00000000ea8cac40,0x00000000eae80000)
  to   space 57856K, 0% used [0x00000000eae80000,0x00000000eae80000,0x00000000ee700000)
 ParOldGen       total 489984K, used 57285K [0x0000000080000000, 0x000000009de80000, 0x00000000d5580000)
  object space 489984K, 11% used [0x0000000080000000,0x00000000837f1758,0x000000009de80000)
 Metaspace       used 90206K, capacity 95776K, committed 96000K, reserved 1132544K
  class space    used 12089K, capacity 13048K, committed 13056K, reserved 1048576K
Event: 1695.935 GC heap after
Heap after GC invocations=15 (full 3):
 PSYoungGen      total 345088K, used 39124K [0x00000000d5580000, 0x00000000ee480000, 0x0000000100000000)
  eden space 289792K, 0% used [0x00000000d5580000,0x00000000d5580000,0x00000000e7080000)
  from space 55296K, 70% used [0x00000000eae80000,0x00000000ed4b53b8,0x00000000ee480000)
  to   space 59392K, 0% used [0x00000000e7080000,0x00000000e7080000,0x00000000eaa80000)
 ParOldGen       total 489984K, used 57293K [0x0000000080000000, 0x000000009de80000, 0x00000000d5580000)
  object space 489984K, 11% used [0x0000000080000000,0x00000000837f3758,0x000000009de80000)
 Metaspace       used 90206K, capacity 95776K, committed 96000K, reserved 1132544K
  class space    used 12089K, capacity 13048K, committed 13056K, reserved 1048576K
}
Event: 1696.344 GC heap before
{Heap before GC invocations=16 (full 3):
 PSYoungGen      total 345088K, used 97596K [0x00000000d5580000, 0x00000000ee480000, 0x0000000100000000)
  eden space 289792K, 20% used [0x00000000d5580000,0x00000000d8e99f70,0x00000000e7080000)
  from space 55296K, 70% used [0x00000000eae80000,0x00000000ed4b53b8,0x00000000ee480000)
  to   space 59392K, 0% used [0x00000000e7080000,0x00000000e7080000,0x00000000eaa80000)
 ParOldGen       total 489984K, used 57293K [0x0000000080000000, 0x000000009de80000, 0x00000000d5580000)
  object space 489984K, 11% used [0x0000000080000000,0x00000000837f3758,0x000000009de80000)
 Metaspace       used 92923K, capacity 98456K, committed 98600K, reserved 1134592K
  class space    used 12478K, capacity 13475K, committed 13568K, reserved 1048576K
Event: 1696.379 GC heap after
Heap after GC invocations=16 (full 3):
 PSYoungGen      total 349184K, used 40226K [0x00000000d5580000, 0x00000000f2300000, 0x0000000100000000)
  eden space 289792K, 0% used [0x00000000d5580000,0x00000000d5580000,0x00000000e7080000)
  from space 59392K, 67% used [0x00000000e7080000,0x00000000e97c8b50,0x00000000eaa80000)
  to   space 60928K, 0% used [0x00000000ee780000,0x00000000ee780000,0x00000000f2300000)
 ParOldGen       total 489984K, used 57301K [0x0000000080000000, 0x000000009de80000, 0x00000000d5580000)
  object space 489984K, 11% used [0x0000000080000000,0x00000000837f5758,0x000000009de80000)
 Metaspace       used 92923K, capacity 98456K, committed 98600K, reserved 1134592K
  class space    used 12478K, capacity 13475K, committed 13568K, reserved 1048576K
}
Event: 1696.379 GC heap before
{Heap before GC invocations=17 (full 4):
 PSYoungGen      total 349184K, used 40226K [0x00000000d5580000, 0x00000000f2300000, 0x0000000100000000)
  eden space 289792K, 0% used [0x00000000d5580000,0x00000000d5580000,0x00000000e7080000)
  from space 59392K, 67% used [0x00000000e7080000,0x00000000e97c8b50,0x00000000eaa80000)
  to   space 60928K, 0% used [0x00000000ee780000,0x00000000ee780000,0x00000000f2300000)
 ParOldGen       total 489984K, used 57301K [0x0000000080000000, 0x000000009de80000, 0x00000000d5580000)
  object space 489984K, 11% used [0x0000000080000000,0x00000000837f5758,0x000000009de80000)
 Metaspace       used 92923K, capacity 98456K, committed 98600K, reserved 1134592K
  class space    used 12478K, capacity 13475K, committed 13568K, reserved 1048576K
Event: 1696.591 GC heap after
Heap after GC invocations=17 (full 4):
 PSYoungGen      total 349184K, used 0K [0x00000000d5580000, 0x00000000f2300000, 0x0000000100000000)
  eden space 289792K, 0% used [0x00000000d5580000,0x00000000d5580000,0x00000000e7080000)
  from space 59392K, 0% used [0x00000000e7080000,0x00000000e7080000,0x00000000eaa80000)
  to   space 60928K, 0% used [0x00000000ee780000,0x00000000ee780000,0x00000000f2300000)
 ParOldGen       total 679424K, used 67693K [0x0000000080000000, 0x00000000a9780000, 0x00000000d5580000)
  object space 679424K, 9% used [0x0000000080000000,0x000000008421b510,0x00000000a9780000)
 Metaspace       used 92675K, capacity 97742K, committed 98600K, reserved 1134592K
  class space    used 12397K, capacity 13336K, committed 13568K, reserved 1048576K
}

